<?xml version="1.0" encoding="UTF-8"?>
<testsuite xmlns:xsi="http://www.w3.org/2001/XMLSchema-instance" xsi:noNamespaceSchemaLocation="https://maven.apache.org/surefire/maven-surefire-plugin/xsd/surefire-test-report.xsd" name="com.entrepreneur.platform.service.UserRolePermissionTest" time="220.957" tests="6" errors="0" skipped="0" failures="0">
  <properties>
[...]
</properties>
  <testcase name="testBatchAssignRoles" classname="com.entrepreneur.platform.service.UserRolePermissionTest" time="0.407"/>
  <testcase name="testRolePermissionInheritance" classname="com.entrepreneur.platform.service.UserRolePermissionTest" time="0.015"/>
  <testcase name="testAssignRole" classname="com.entrepreneur.platform.service.UserRolePermissionTest" time="0.009"/>
  <testcase name="testRemoveRole" classname="com.entrepreneur.platform.service.UserRolePermissionTest" time="0.016"/>
  <testcase name="testGetUserRoles" classname="com.entrepreneur.platform.service.UserRolePermissionTest" time="0.012"/>
  <testcase name="testGetUsersByRole" classname="com.entrepreneur.platform.service.UserRolePermissionTest" time="0.02"/>
</testsuite>